<?xml version="1.0" encoding="UTF-8"?>
<!-- Generated by org.testng.reporters.JUnitReportReporter -->
<testsuite hostname="DESKTOP-6BS8MC7" failures="0" tests="2" name="pak123.TestNG" time="31.293" errors="0" timestamp="2022-02-23T17:54:40 IST" skipped="0">
  <testcase classname="pak123.TestNG" name="verifyUserTab" time="3.415"/>
  <system-out/>
  <testcase classname="pak123.TestNG" name="verifyTaskTab" time="27.878"/>
  <system-out/>
</testsuite> <!-- pak123.TestNG -->
