<?xml version="1.0" encoding="UTF-8"?>
<!-- Generated by org.testng.reporters.JUnitReportReporter -->
<testsuite hostname="DESKTOP-6BS8MC7" failures="0" tests="4" name="pak123.GenralTestNG" time="0.012" errors="0" timestamp="2022-02-23T17:54:40 IST" skipped="0">
  <testcase classname="pak123.GenralTestNG" name="testC" time="0.002"/>
  <system-out/>
  <testcase classname="pak123.GenralTestNG" name="testD" time="0.003"/>
  <system-out/>
  <testcase classname="pak123.GenralTestNG" name="testA" time="0.003"/>
  <system-out/>
  <testcase classname="pak123.GenralTestNG" name="testB" time="0.004"/>
  <system-out/>
</testsuite> <!-- pak123.GenralTestNG -->
